Arguments: 
  /home/ubuntu/.nvm/versions/node/v6.11.2/bin/node /home/ubuntu/.nvm/versions/node/v6.11.2/bin/yarn add global typescipt

PATH: 
  /home/ubuntu/.nvm/versions/node/v6.11.2/bin:/usr/local/rvm/gems/ruby-2.4.0/bin:/usr/local/rvm/gems/ruby-2.4.0@global/bin:/usr/local/rvm/rubies/ruby-2.4.0/bin:/mnt/shared/bin:/home/ubuntu/workspace/node_modules/.bin:/home/ubuntu/bin:/usr/local/sbin:/usr/local/bin:/usr/sbin:/usr/bin:/sbin:/bin:/mnt/shared/sbin:/opt/gitl:/opt/go/bin:/mnt/shared/c9/app.nw/bin:/usr/local/rvm/bin

Yarn version: 
  1.9.4

Node version: 
  6.11.2

Platform: 
  linux x64

Trace: 
  Error: https://registry.yarnpkg.com/typescipt: Not found
      at Request.params.callback [as _callback] (/home/ubuntu/.nvm/versions/node/v6.11.2/lib/node_modules/yarn/lib/cli.js:64202:18)
      at Request.self.callback (/home/ubuntu/.nvm/versions/node/v6.11.2/lib/node_modules/yarn/lib/cli.js:137468:22)
      at emitTwo (events.js:106:13)
      at Request.emit (events.js:191:7)
      at Request.<anonymous> (/home/ubuntu/.nvm/versions/node/v6.11.2/lib/node_modules/yarn/lib/cli.js:138440:10)
      at emitOne (events.js:96:13)
      at Request.emit (events.js:188:7)
      at IncomingMessage.<anonymous> (/home/ubuntu/.nvm/versions/node/v6.11.2/lib/node_modules/yarn/lib/cli.js:138362:12)
      at IncomingMessage.g (events.js:292:16)
      at emitNone (events.js:91:20)

npm manifest: 
  {
    "name": "v3",
    "version": "1.0.0",
    "main": "index.js",
    "scripts": {
      "test": "echo \"Error: no test specified\" && exit 1"
    },
    "author": "",
    "license": "ISC",
    "description": ""
  }

yarn manifest: 
  No manifest

Lockfile: 
  No lockfile
